<?xml version="1.0" encoding="UTF-8"?>
<!-- Generated by org.testng.reporters.JUnitXMLReporter -->
<testsuite ignored="0" hostname="PHO280" failures="0" tests="5" name="Test" time="35.81" errors="0" timestamp="2025-04-10T17:05:07 IST">
  <testcase classname="Test1.LoginTests" name="loginTest" time="2.525"/>
  <testcase classname="Test1.LoginTests" name="loginTest" time="2.245"/>
  <testcase classname="Test1.LoginTests" name="loginTest" time="2.335"/>
  <testcase classname="Test1.LoginTests" name="loginTest" time="2.343"/>
  <testcase classname="Test1.LoginTests" name="loginTest" time="9.675"/>
</testsuite> <!-- Test -->
