<?xml version="1.0" encoding="UTF-8"?>
<testng-results ignored="0" total="5" passed="5" failed="0" skipped="0">
  <reporter-output>
  </reporter-output>
  <suite started-at="2025-04-10T17:04:31 IST" name="Suite" finished-at="2025-04-10T17:05:07 IST" duration-ms="35810">
    <groups>
    </groups>
    <test started-at="2025-04-10T17:04:31 IST" name="Test" finished-at="2025-04-10T17:05:07 IST" duration-ms="35810">
      <class name="Test1.LoginTests">
        <test-method is-config="true" signature="setup()[pri:0, instance:Test1.LoginTests@55fe41ea]" started-at="2025-04-10T17:04:31 IST" name="setup" finished-at="2025-04-10T17:04:42 IST" duration-ms="10232" status="PASS">
          <reporter-output>
          </reporter-output>
        </test-method> <!-- setup -->
        <test-method is-config="true" signature="navigateToLoginPage()[pri:0, instance:Test1.LoginTests@55fe41ea]" started-at="2025-04-10T17:04:42 IST" name="navigateToLoginPage" finished-at="2025-04-10T17:04:43 IST" duration-ms="1207" status="PASS">
          <reporter-output>
          </reporter-output>
        </test-method> <!-- navigateToLoginPage -->
        <test-method signature="loginTest(java.lang.String,java.lang.String,java.lang.String)[pri:0, instance:Test1.LoginTests@55fe41ea]" started-at="2025-04-10T17:04:43 IST" name="loginTest" data-provider="loginData" finished-at="2025-04-10T17:04:45 IST" duration-ms="2525" status="PASS">
          <params>
            <param index="0">
              <value>
                <![CDATA[chris]]>
              </value>
            </param>
            <param index="1">
              <value>
                <![CDATA[wrongpass]]>
              </value>
            </param>
            <param index="2">
              <value>
                <![CDATA[Invalid user name or password]]>
              </value>
            </param>
          </params>
          <reporter-output>
          </reporter-output>
        </test-method> <!-- loginTest -->
        <test-method is-config="true" signature="navigateToLoginPage()[pri:0, instance:Test1.LoginTests@55fe41ea]" started-at="2025-04-10T17:04:45 IST" name="navigateToLoginPage" finished-at="2025-04-10T17:04:47 IST" duration-ms="1138" status="PASS">
          <reporter-output>
          </reporter-output>
        </test-method> <!-- navigateToLoginPage -->
        <test-method signature="loginTest(java.lang.String,java.lang.String,java.lang.String)[pri:0, instance:Test1.LoginTests@55fe41ea]" started-at="2025-04-10T17:04:47 IST" name="loginTest" data-provider="loginData" finished-at="2025-04-10T17:04:49 IST" duration-ms="2245" status="PASS">
          <params>
            <param index="0">
              <value>
                <![CDATA[invaliduser]]>
              </value>
            </param>
            <param index="1">
              <value>
                <![CDATA[Admin@123]]>
              </value>
            </param>
            <param index="2">
              <value>
                <![CDATA[Invalid user name or password]]>
              </value>
            </param>
          </params>
          <reporter-output>
          </reporter-output>
        </test-method> <!-- loginTest -->
        <test-method is-config="true" signature="navigateToLoginPage()[pri:0, instance:Test1.LoginTests@55fe41ea]" started-at="2025-04-10T17:04:49 IST" name="navigateToLoginPage" finished-at="2025-04-10T17:04:50 IST" duration-ms="1081" status="PASS">
          <reporter-output>
          </reporter-output>
        </test-method> <!-- navigateToLoginPage -->
        <test-method signature="loginTest(java.lang.String,java.lang.String,java.lang.String)[pri:0, instance:Test1.LoginTests@55fe41ea]" started-at="2025-04-10T17:04:50 IST" name="loginTest" data-provider="loginData" finished-at="2025-04-10T17:04:52 IST" duration-ms="2335" status="PASS">
          <params>
            <param index="0">
              <value>
                <![CDATA[invaliduser]]>
              </value>
            </param>
            <param index="1">
              <value>
                <![CDATA[wrongpass]]>
              </value>
            </param>
            <param index="2">
              <value>
                <![CDATA[Invalid user name or password]]>
              </value>
            </param>
          </params>
          <reporter-output>
          </reporter-output>
        </test-method> <!-- loginTest -->
        <test-method is-config="true" signature="navigateToLoginPage()[pri:0, instance:Test1.LoginTests@55fe41ea]" started-at="2025-04-10T17:04:52 IST" name="navigateToLoginPage" finished-at="2025-04-10T17:04:53 IST" duration-ms="1061" status="PASS">
          <reporter-output>
          </reporter-output>
        </test-method> <!-- navigateToLoginPage -->
        <test-method signature="loginTest(java.lang.String,java.lang.String,java.lang.String)[pri:0, instance:Test1.LoginTests@55fe41ea]" started-at="2025-04-10T17:04:53 IST" name="loginTest" data-provider="loginData" finished-at="2025-04-10T17:04:56 IST" duration-ms="2343" status="PASS">
          <params>
            <param index="0">
              <value>
                <![CDATA[' OR 1=1; --]]>
              </value>
            </param>
            <param index="1">
              <value>
                <![CDATA[' OR 1=1; --]]>
              </value>
            </param>
            <param index="2">
              <value>
                <![CDATA[Invalid user name or password]]>
              </value>
            </param>
          </params>
          <reporter-output>
          </reporter-output>
        </test-method> <!-- loginTest -->
        <test-method is-config="true" signature="navigateToLoginPage()[pri:0, instance:Test1.LoginTests@55fe41ea]" started-at="2025-04-10T17:04:56 IST" name="navigateToLoginPage" finished-at="2025-04-10T17:04:57 IST" duration-ms="988" status="PASS">
          <reporter-output>
          </reporter-output>
        </test-method> <!-- navigateToLoginPage -->
        <test-method signature="loginTest(java.lang.String,java.lang.String,java.lang.String)[pri:0, instance:Test1.LoginTests@55fe41ea]" started-at="2025-04-10T17:04:57 IST" name="loginTest" data-provider="loginData" finished-at="2025-04-10T17:05:06 IST" duration-ms="9675" status="PASS">
          <params>
            <param index="0">
              <value>
                <![CDATA[chris]]>
              </value>
            </param>
            <param index="1">
              <value>
                <![CDATA[Admin@123]]>
              </value>
            </param>
            <param index="2">
              <value>
                <![CDATA[]]>
              </value>
            </param>
          </params>
          <reporter-output>
          </reporter-output>
        </test-method> <!-- loginTest -->
        <test-method is-config="true" signature="tearDown()[pri:0, instance:Test1.LoginTests@55fe41ea]" started-at="2025-04-10T17:05:06 IST" name="tearDown" finished-at="2025-04-10T17:05:07 IST" duration-ms="442" status="PASS">
          <reporter-output>
          </reporter-output>
        </test-method> <!-- tearDown -->
      </class> <!-- Test1.LoginTests -->
    </test> <!-- Test -->
  </suite> <!-- Suite -->
</testng-results>
